{"/Users/dirty45s/fend-webpack-content/src/client/js/formHandler.js": {"path":"/Users/dirty45s/fend-webpack-content/src/client/js/formHandler.js","statementMap":{"0":{"start":{"line":1,"column":10},"end":{"line":1,"column":54}},"1":{"start":{"line":5,"column":19},"end":{"line":5,"column":55}},"2":{"start":{"line":6,"column":2},"end":{"line":6,"column":31}},"3":{"start":{"line":7,"column":2},"end":{"line":7,"column":39}},"4":{"start":{"line":9,"column":17},"end":{"line":9,"column":48}},"5":{"start":{"line":10,"column":2},"end":{"line":95,"column":2}},"6":{"start":{"line":11,"column":2},"end":{"line":11,"column":25}},"7":{"start":{"line":12,"column":19},"end":{"line":12,"column":39}},"8":{"start":{"line":13,"column":15},"end":{"line":13,"column":44}},"9":{"start":{"line":15,"column":19},"end":{"line":15,"column":56}},"10":{"start":{"line":19,"column":2},"end":{"line":19,"column":61}},"11":{"start":{"line":20,"column":2},"end":{"line":20,"column":36}},"12":{"start":{"line":21,"column":2},"end":{"line":21,"column":32}},"13":{"start":{"line":23,"column":23},"end":{"line":27,"column":3}},"14":{"start":{"line":29,"column":19},"end":{"line":46,"column":4}},"15":{"start":{"line":31,"column":4},"end":{"line":35,"column":5}},"16":{"start":{"line":32,"column":4},"end":{"line":32,"column":27}},"17":{"start":{"line":34,"column":6},"end":{"line":34,"column":50}},"18":{"start":{"line":38,"column":4},"end":{"line":38,"column":22}},"19":{"start":{"line":39,"column":3},"end":{"line":39,"column":27}},"20":{"start":{"line":45,"column":4},"end":{"line":45,"column":41}},"21":{"start":{"line":51,"column":19},"end":{"line":51,"column":33}},"22":{"start":{"line":52,"column":18},"end":{"line":52,"column":54}},"23":{"start":{"line":53,"column":2},"end":{"line":53,"column":32}},"24":{"start":{"line":54,"column":21},"end":{"line":54,"column":36}},"25":{"start":{"line":55,"column":19},"end":{"line":55,"column":56}},"26":{"start":{"line":56,"column":2},"end":{"line":56,"column":32}},"27":{"start":{"line":57,"column":15},"end":{"line":57,"column":25}},"28":{"start":{"line":58,"column":17},"end":{"line":58,"column":49}},"29":{"start":{"line":59,"column":2},"end":{"line":59,"column":26}},"30":{"start":{"line":60,"column":15},"end":{"line":60,"column":25}},"31":{"start":{"line":61,"column":17},"end":{"line":61,"column":49}},"32":{"start":{"line":62,"column":2},"end":{"line":62,"column":27}},"33":{"start":{"line":63,"column":15},"end":{"line":63,"column":29}},"34":{"start":{"line":64,"column":17},"end":{"line":64,"column":53}},"35":{"start":{"line":65,"column":2},"end":{"line":65,"column":27}},"36":{"start":{"line":66,"column":17},"end":{"line":66,"column":34}},"37":{"start":{"line":67,"column":15},"end":{"line":67,"column":54}},"38":{"start":{"line":68,"column":2},"end":{"line":68,"column":27}},"39":{"start":{"line":69,"column":13},"end":{"line":69,"column":22}},"40":{"start":{"line":70,"column":16},"end":{"line":70,"column":47}},"41":{"start":{"line":71,"column":2},"end":{"line":71,"column":25}}},"fnMap":{"0":{"name":"handleSubmit","decl":{"start":{"line":3,"column":9},"end":{"line":3,"column":21}},"loc":{"start":{"line":3,"column":29},"end":{"line":95,"column":3}},"line":3},"1":{"name":"(anonymous_1)","decl":{"start":{"line":10,"column":36},"end":{"line":10,"column":37}},"loc":{"start":{"line":10,"column":45},"end":{"line":95,"column":1}},"line":10},"2":{"name":"(anonymous_2)","decl":{"start":{"line":30,"column":8},"end":{"line":30,"column":9}},"loc":{"start":{"line":30,"column":22},"end":{"line":36,"column":3}},"line":30},"3":{"name":"(anonymous_3)","decl":{"start":{"line":37,"column":8},"end":{"line":37,"column":9}},"loc":{"start":{"line":37,"column":23},"end":{"line":40,"column":3}},"line":37},"4":{"name":"(anonymous_4)","decl":{"start":{"line":44,"column":9},"end":{"line":44,"column":10}},"loc":{"start":{"line":44,"column":20},"end":{"line":46,"column":3}},"line":44},"5":{"name":"displaySentiments","decl":{"start":{"line":50,"column":11},"end":{"line":50,"column":28}},"loc":{"start":{"line":50,"column":36},"end":{"line":76,"column":3}},"line":50}},"branchMap":{"0":{"loc":{"start":{"line":31,"column":4},"end":{"line":35,"column":5}},"type":"if","locations":[{"start":{"line":31,"column":4},"end":{"line":35,"column":5}},{"start":{"line":33,"column":10},"end":{"line":35,"column":5}}],"line":31}},"s":{"0":1,"1":0,"2":0,"3":0,"4":0,"5":0,"6":0,"7":0,"8":0,"9":0,"10":0,"11":0,"12":0,"13":0,"14":0,"15":0,"16":0,"17":0,"18":0,"19":0,"20":0,"21":0,"22":0,"23":0,"24":0,"25":0,"26":0,"27":0,"28":0,"29":0,"30":0,"31":0,"32":0,"33":0,"34":0,"35":0,"36":0,"37":0,"38":0,"39":0,"40":0,"41":0},"f":{"0":0,"1":0,"2":0,"3":0,"4":0,"5":0},"b":{"0":[0,0]},"_coverageSchema":"1a1c01bbd47fc00a2c39e90264f33305004495a9","hash":"330990dd8d1ff6b050be0ce04fd9285f1bc63a39"}
,"/Users/dirty45s/fend-webpack-content/src/client/js/nameChecker.js": {"path":"/Users/dirty45s/fend-webpack-content/src/client/js/nameChecker.js","statementMap":{"0":{"start":{"line":2,"column":4},"end":{"line":2,"column":59}},"1":{"start":{"line":3,"column":16},"end":{"line":10,"column":5}},"2":{"start":{"line":12,"column":4},"end":{"line":14,"column":30}},"3":{"start":{"line":13,"column":8},"end":{"line":13,"column":34}},"4":{"start":{"line":14,"column":10},"end":{"line":14,"column":30}}},"fnMap":{"0":{"name":"checkForName","decl":{"start":{"line":1,"column":9},"end":{"line":1,"column":21}},"loc":{"start":{"line":1,"column":33},"end":{"line":15,"column":1}},"line":1}},"branchMap":{"0":{"loc":{"start":{"line":12,"column":4},"end":{"line":14,"column":30}},"type":"if","locations":[{"start":{"line":12,"column":4},"end":{"line":14,"column":30}},{"start":{"line":14,"column":10},"end":{"line":14,"column":30}}],"line":12}},"s":{"0":0,"1":0,"2":0,"3":0,"4":0},"f":{"0":0},"b":{"0":[0,0]},"_coverageSchema":"1a1c01bbd47fc00a2c39e90264f33305004495a9","hash":"daef8d7f9fca43390e01fccc3c3c2696c499efde"}
}
