{"/Users/dirty45s/fend-webpack-content/src/client/js/formHandler.js": {"path":"/Users/dirty45s/fend-webpack-content/src/client/js/formHandler.js","statementMap":{"0":{"start":{"line":4,"column":4},"end":{"line":4,"column":27}},"1":{"start":{"line":6,"column":21},"end":{"line":6,"column":58}},"2":{"start":{"line":7,"column":4},"end":{"line":7,"column":31}},"3":{"start":{"line":9,"column":4},"end":{"line":9,"column":26}},"4":{"start":{"line":29,"column":8},"end":{"line":49,"column":6}},"5":{"start":{"line":39,"column":21},"end":{"line":39,"column":31}},"6":{"start":{"line":41,"column":8},"end":{"line":41,"column":78}},"7":{"start":{"line":42,"column":8},"end":{"line":42,"column":88}},"8":{"start":{"line":43,"column":8},"end":{"line":43,"column":97}},"9":{"start":{"line":44,"column":8},"end":{"line":44,"column":92}},"10":{"start":{"line":45,"column":8},"end":{"line":45,"column":77}},"11":{"start":{"line":46,"column":8},"end":{"line":46,"column":77}},"12":{"start":{"line":47,"column":8},"end":{"line":47,"column":89}}},"fnMap":{"0":{"name":"handleSubmit","decl":{"start":{"line":3,"column":10},"end":{"line":3,"column":22}},"loc":{"start":{"line":3,"column":30},"end":{"line":52,"column":1}},"line":3},"1":{"name":"(anonymous_1)","decl":{"start":{"line":39,"column":14},"end":{"line":39,"column":15}},"loc":{"start":{"line":39,"column":21},"end":{"line":39,"column":31}},"line":39},"2":{"name":"(anonymous_2)","decl":{"start":{"line":40,"column":14},"end":{"line":40,"column":15}},"loc":{"start":{"line":40,"column":29},"end":{"line":49,"column":5}},"line":40}},"branchMap":{},"s":{"0":0,"1":0,"2":0,"3":0,"4":0,"5":0,"6":0,"7":0,"8":0,"9":0,"10":0,"11":0,"12":0},"f":{"0":0,"1":0,"2":0},"b":{},"_coverageSchema":"1a1c01bbd47fc00a2c39e90264f33305004495a9","hash":"dc6438faec77f894c812e446ecf03cd4863eeb33"}
,"/Users/dirty45s/fend-webpack-content/src/client/js/validURLChecker.js": {"path":"/Users/dirty45s/fend-webpack-content/src/client/js/validURLChecker.js","statementMap":{"0":{"start":{"line":2,"column":4},"end":{"line":2,"column":63}},"1":{"start":{"line":5,"column":0},"end":{"line":7,"column":51}},"2":{"start":{"line":6,"column":4},"end":{"line":6,"column":49}},"3":{"start":{"line":7,"column":10},"end":{"line":7,"column":51}}},"fnMap":{"0":{"name":"isValidURL","decl":{"start":{"line":1,"column":9},"end":{"line":1,"column":19}},"loc":{"start":{"line":1,"column":32},"end":{"line":8,"column":2}},"line":1}},"branchMap":{"0":{"loc":{"start":{"line":5,"column":0},"end":{"line":7,"column":51}},"type":"if","locations":[{"start":{"line":5,"column":0},"end":{"line":7,"column":51}},{"start":{"line":7,"column":10},"end":{"line":7,"column":51}}],"line":5}},"s":{"0":0,"1":0,"2":0,"3":0},"f":{"0":0},"b":{"0":[0,0]},"_coverageSchema":"1a1c01bbd47fc00a2c39e90264f33305004495a9","hash":"3006d8680ebdfa1b89bce49d1ef868fabb31fb81"}
}
